<?xml version="1.0" encoding="UTF-8"?>
<!-- Generated by org.testng.reporters.JUnitReportReporter -->
<testsuite hostname="DESKTOP-O83SFJ3" failures="0" tests="2" name="automationPractice.TC002_VerifyTitle" time="5.553" errors="0" timestamp="2021-08-31T20:50:02 BDT" skipped="0">
  <testcase classname="automationPractice.TC002_VerifyTitle" name="verifyTitle" time="5.479"/>
  <system-out/>
  <testcase classname="automationPractice.TC002_VerifyTitle" name="websiteSecured" time="0.074"/>
  <system-out/>
</testsuite> <!-- automationPractice.TC002_VerifyTitle -->
