<?xml version="1.0" encoding="UTF-8"?>
<!-- Generated by org.testng.reporters.JUnitReportReporter -->
<testsuite hostname="DESKTOP-O83SFJ3" failures="0" tests="1" name="testCasesMyStore.KeyboardEvent" time="43.702" errors="0" timestamp="2021-09-02T21:21:30 BDT" skipped="0">
  <testcase classname="testCasesMyStore.KeyboardEvent" name="keyboardbutton" time="43.702"/>
  <system-out/>
</testsuite> <!-- testCasesMyStore.KeyboardEvent -->
