<?xml version="1.0" encoding="UTF-8"?>
<!-- Generated by org.testng.reporters.JUnitReportReporter -->
<testsuite hostname="DESKTOP-O83SFJ3" failures="0" tests="1" name="testCasesMyStore.DragDrop" time="39.105" errors="0" timestamp="2021-09-02T20:05:27 BDT" skipped="0">
  <testcase classname="testCasesMyStore.DragDrop" name="drop" time="39.105"/>
  <system-out/>
</testsuite> <!-- testCasesMyStore.DragDrop -->
