<?xml version="1.0" encoding="UTF-8"?>
<!-- Generated by org.testng.reporters.JUnitReportReporter -->
<testsuite hostname="DESKTOP-O83SFJ3" failures="0" tests="1" name="com.test.AutomationPractice.SignIn" time="59.270" errors="0" timestamp="2021-08-27T20:18:26 BDT" skipped="0">
  <testcase classname="com.test.AutomationPractice.SignIn" name="login" time="59.270"/>
  <system-out/>
</testsuite> <!-- com.test.AutomationPractice.SignIn -->
