<?xml version="1.0" encoding="UTF-8"?>
<!-- Generated by org.testng.reporters.JUnitReportReporter -->
<testsuite hostname="DESKTOP-O83SFJ3" failures="0" tests="2" name="testCasesMyStore.TC002_VerifyTitle" time="11.105" errors="0" timestamp="2021-09-09T14:43:54 BDT" skipped="0">
  <testcase classname="testCasesMyStore.TC002_VerifyTitle" name="verifyTitle" time="11.079"/>
  <system-out/>
  <testcase classname="testCasesMyStore.TC002_VerifyTitle" name="websiteSecured" time="0.026"/>
  <system-out/>
</testsuite> <!-- testCasesMyStore.TC002_VerifyTitle -->
