<?xml version="1.0" encoding="UTF-8"?>
<!-- Generated by org.testng.reporters.JUnitReportReporter -->
<testsuite hostname="DESKTOP-O83SFJ3" failures="0" tests="1" name="automationPractice.TC004_Dropdown" time="14.940" errors="0" timestamp="2021-08-31T20:50:02 BDT" skipped="0">
  <testcase classname="automationPractice.TC004_Dropdown" name="dropdown" time="14.940"/>
  <system-out/>
</testsuite> <!-- automationPractice.TC004_Dropdown -->
