<?xml version="1.0" encoding="UTF-8"?>
<!-- Generated by org.testng.reporters.JUnitReportReporter -->
<testsuite hostname="DESKTOP-O83SFJ3" failures="0" tests="1" name="testCasesMyStore.TC004_Dropdown" time="28.412" errors="0" timestamp="2021-09-09T14:43:54 BDT" skipped="0">
  <testcase classname="testCasesMyStore.TC004_Dropdown" name="dropdown" time="28.412"/>
  <system-out/>
</testsuite> <!-- testCasesMyStore.TC004_Dropdown -->
