<?xml version="1.0" encoding="UTF-8"?>
<!-- Generated by org.testng.reporters.JUnitReportReporter -->
<testsuite hostname="DESKTOP-O83SFJ3" failures="0" tests="1" name="testCasesMyStore.TC006_Scroll" time="29.587" errors="0" timestamp="2021-09-09T14:43:54 BDT" skipped="0">
  <testcase classname="testCasesMyStore.TC006_Scroll" name="scroll" time="29.587"/>
  <system-out/>
</testsuite> <!-- testCasesMyStore.TC006_Scroll -->
