<?xml version="1.0" encoding="UTF-8"?>
<!-- Generated by org.testng.reporters.JUnitReportReporter -->
<testsuite hostname="DESKTOP-O83SFJ3" failures="0" tests="1" name="testCasesMyStore.TC003_CheckBox" time="30.201" errors="0" timestamp="2021-09-09T14:43:54 BDT" skipped="0">
  <testcase classname="testCasesMyStore.TC003_CheckBox" name="checkBox" time="30.201"/>
  <system-out/>
</testsuite> <!-- testCasesMyStore.TC003_CheckBox -->
